Determining if the pthread_create exist failed with the following output:
Change Dir: /home/mddarr/repo/project_skeleton/server_build/CMakeFiles/CMakeTmp

Run Build Command:"/usr/bin/gmake" "cmTC_e6e70/fast"
/usr/bin/gmake -f CMakeFiles/cmTC_e6e70.dir/build.make CMakeFiles/cmTC_e6e70.dir/build
gmake[1]: Entering directory '/home/mddarr/repo/project_skeleton/server_build/CMakeFiles/CMakeTmp'
Building C object CMakeFiles/cmTC_e6e70.dir/CheckSymbolExists.c.o
/usr/bin/cc    -o CMakeFiles/cmTC_e6e70.dir/CheckSymbolExists.c.o   -c /home/mddarr/repo/project_skeleton/server_build/CMakeFiles/CMakeTmp/CheckSymbolExists.c
Linking C executable cmTC_e6e70
/usr/bin/cmake -E cmake_link_script CMakeFiles/cmTC_e6e70.dir/link.txt --verbose=1
/usr/bin/cc      -rdynamic CMakeFiles/cmTC_e6e70.dir/CheckSymbolExists.c.o  -o cmTC_e6e70 
CMakeFiles/cmTC_e6e70.dir/CheckSymbolExists.c.o: In function `main':
CheckSymbolExists.c:(.text+0x16): undefined reference to `pthread_create'
collect2: error: ld returned 1 exit status
CMakeFiles/cmTC_e6e70.dir/build.make:86: recipe for target 'cmTC_e6e70' failed
gmake[1]: *** [cmTC_e6e70] Error 1
gmake[1]: Leaving directory '/home/mddarr/repo/project_skeleton/server_build/CMakeFiles/CMakeTmp'
Makefile:126: recipe for target 'cmTC_e6e70/fast' failed
gmake: *** [cmTC_e6e70/fast] Error 2

File /home/mddarr/repo/project_skeleton/server_build/CMakeFiles/CMakeTmp/CheckSymbolExists.c:
/* */
#include <pthread.h>

int main(int argc, char** argv)
{
  (void)argv;
#ifndef pthread_create
  return ((int*)(&pthread_create))[argc];
#else
  (void)argc;
  return 0;
#endif
}

Determining if the function pthread_create exists in the pthreads failed with the following output:
Change Dir: /home/mddarr/repo/project_skeleton/server_build/CMakeFiles/CMakeTmp

Run Build Command:"/usr/bin/gmake" "cmTC_fbe47/fast"
/usr/bin/gmake -f CMakeFiles/cmTC_fbe47.dir/build.make CMakeFiles/cmTC_fbe47.dir/build
gmake[1]: Entering directory '/home/mddarr/repo/project_skeleton/server_build/CMakeFiles/CMakeTmp'
Building C object CMakeFiles/cmTC_fbe47.dir/CheckFunctionExists.c.o
/usr/bin/cc   -DCHECK_FUNCTION_EXISTS=pthread_create   -o CMakeFiles/cmTC_fbe47.dir/CheckFunctionExists.c.o   -c /usr/share/cmake-3.11/Modules/CheckFunctionExists.c
Linking C executable cmTC_fbe47
/usr/bin/cmake -E cmake_link_script CMakeFiles/cmTC_fbe47.dir/link.txt --verbose=1
/usr/bin/cc  -DCHECK_FUNCTION_EXISTS=pthread_create    -rdynamic CMakeFiles/cmTC_fbe47.dir/CheckFunctionExists.c.o  -o cmTC_fbe47 -lpthreads 
/usr/bin/ld: cannot find -lpthreads
collect2: error: ld returned 1 exit status
CMakeFiles/cmTC_fbe47.dir/build.make:86: recipe for target 'cmTC_fbe47' failed
gmake[1]: *** [cmTC_fbe47] Error 1
gmake[1]: Leaving directory '/home/mddarr/repo/project_skeleton/server_build/CMakeFiles/CMakeTmp'
Makefile:126: recipe for target 'cmTC_fbe47/fast' failed
gmake: *** [cmTC_fbe47/fast] Error 2


